<?xml version="1.0" encoding="UTF-8"?>
<!-- Generated by org.testng.reporters.JUnitReportReporter -->
<testsuite hostname="DESKTOP-10E3PP0" failures="0" tests="4" name="EcommerceProject.tests.TestCreateNewCustomerAcc" time="60.249" errors="0" timestamp="2024-02-14T06:35:55 EST" skipped="0">
  <testcase classname="EcommerceProject.tests.TestCreateNewCustomerAcc" name="createAccWithAlreadyUsedEmailIdTestCase03" time="13.388"/>
  <system-out/>
  <testcase classname="EcommerceProject.tests.TestCreateNewCustomerAcc" name="createAccWithPasswordandConfirmPasswordMissmatchTestCase02" time="12.577"/>
  <system-out/>
  <testcase classname="EcommerceProject.tests.TestCreateNewCustomerAcc" name="createAccWithMandatoryFieldsMissingTestCase01" time="12.131"/>
  <system-out/>
  <testcase classname="EcommerceProject.tests.TestCreateNewCustomerAcc" name="createAccWithAllFieldsCorrectlyTestCase04" time="22.153"/>
  <system-out/>
</testsuite> <!-- EcommerceProject.tests.TestCreateNewCustomerAcc -->
