<?xml version="1.0" encoding="UTF-8"?>
<!-- Generated by org.testng.reporters.JUnitReportReporter -->
<testsuite hostname="DESKTOP-10E3PP0" failures="0" tests="1" name="EcommerceProject.tests.testFilterSortFunctionality" time="16.384" errors="0" timestamp="2024-02-07T06:24:20 EST" skipped="0">
  <testcase classname="EcommerceProject.tests.testFilterSortFunctionality" name="validateSort" time="16.384"/>
  <system-out/>
</testsuite> <!-- EcommerceProject.tests.testFilterSortFunctionality -->
