<?xml version="1.0" encoding="UTF-8"?>
<!-- Generated by org.testng.reporters.JUnitReportReporter -->
<testsuite hostname="DESKTOP-10E3PP0" failures="0" tests="1" name="WebTechAssignment.tests.TestLogInFunctionality" time="11.734" errors="0" timestamp="2024-05-03T06:47:17 EDT" skipped="0">
  <testcase classname="WebTechAssignment.tests.TestLogInFunctionality" name="loginPageInvalidCredentials" time="11.734"/>
  <system-out/>
</testsuite> <!-- WebTechAssignment.tests.TestLogInFunctionality -->
