<?xml version="1.0" encoding="UTF-8"?>
<!-- Generated by org.testng.reporters.JUnitReportReporter -->
<testsuite hostname="DESKTOP-10E3PP0" failures="0" tests="1" name="EcommerceProject.tests.testQuickAddToCart" time="33.707" errors="0" timestamp="2024-02-01T06:09:04 EST" skipped="0">
  <testcase classname="EcommerceProject.tests.testQuickAddToCart" name="validateQuickAddToCartMulitpleItems" time="33.707"/>
  <system-out/>
</testsuite> <!-- EcommerceProject.tests.testQuickAddToCart -->
