<?xml version="1.0" encoding="UTF-8"?>
<!-- Generated by org.testng.reporters.JUnitReportReporter -->
<testsuite hostname="DESKTOP-10E3PP0" failures="0" tests="1" name="WebTechAssignment.tests.TestMyInfoFunctionality" time="19.591" errors="0" timestamp="2024-05-03T07:06:14 EDT" skipped="0">
  <testcase classname="WebTechAssignment.tests.TestMyInfoFunctionality" name="validateUpdatesOnMyInfo" time="19.591"/>
  <system-out/>
</testsuite> <!-- WebTechAssignment.tests.TestMyInfoFunctionality -->
