<?xml version="1.0" encoding="UTF-8"?>
<!-- Generated by org.testng.reporters.JUnitReportReporter -->
<testsuite hostname="DESKTOP-10E3PP0" failures="0" tests="1" name="DerivWebAutomationProject.tests.TestMyInfoFunctionality" time="13.353" errors="0" timestamp="2024-02-21T03:01:02 EST" skipped="0">
  <testcase classname="DerivWebAutomationProject.tests.TestMyInfoFunctionality" name="validateUpdatesOnMyInfo" time="13.353"/>
  <system-out/>
</testsuite> <!-- DerivWebAutomationProject.tests.TestMyInfoFunctionality -->
