<?xml version="1.0" encoding="UTF-8"?>
<!-- Generated by org.testng.reporters.JUnitReportReporter -->
<testsuite hostname="DESKTOP-10E3PP0" failures="0" tests="2" name="Cucumber.TestNGTestRunner" time="39.798" errors="0" timestamp="2023-06-19T15:34:22 EDT" skipped="0">
  <testcase classname="Cucumber.TestNGTestRunner" name="runScenario" time="15.409"/>
  <system-out/>
  <testcase classname="Cucumber.TestNGTestRunner" name="runScenario" time="24.389"/>
  <system-out/>
</testsuite> <!-- Cucumber.TestNGTestRunner -->
