<?xml version="1.0" encoding="UTF-8"?>
<!-- Generated by org.testng.reporters.JUnitReportReporter -->
<testsuite hostname="DESKTOP-10E3PP0" failures="0" tests="1" name="EcommerceProject.tests.testSignInFunctionality" time="16.946" errors="0" timestamp="2024-01-25T08:28:15 EST" skipped="0">
  <testcase classname="EcommerceProject.tests.testSignInFunctionality" name="loginWithValidCredentials" time="16.946"/>
  <system-out/>
</testsuite> <!-- EcommerceProject.tests.testSignInFunctionality -->
