<?xml version="1.0" encoding="UTF-8"?>
<!-- Generated by org.testng.reporters.JUnitReportReporter -->
<testsuite hostname="DESKTOP-10E3PP0" failures="0" tests="1" name="DerivWebAutomationProject.tests.TestLogInFunctionality" time="12.660" errors="0" timestamp="2024-02-21T02:59:49 EST" skipped="0">
  <testcase classname="DerivWebAutomationProject.tests.TestLogInFunctionality" name="loginPageAuthenticateSuccessfully" time="12.660"/>
  <system-out/>
</testsuite> <!-- DerivWebAutomationProject.tests.TestLogInFunctionality -->
