<?xml version="1.0" encoding="UTF-8"?>
<!-- Generated by org.testng.reporters.JUnitReportReporter -->
<testsuite hostname="DESKTOP-10E3PP0" failures="0" tests="1" name="EcommerceProject.tests.testAddItemsToWishlist" time="25.327" errors="0" timestamp="2024-02-02T03:37:48 EST" skipped="0">
  <testcase classname="EcommerceProject.tests.testAddItemsToWishlist" name="removeItemsToWishlist" time="25.327"/>
  <system-out/>
</testsuite> <!-- EcommerceProject.tests.testAddItemsToWishlist -->
