<?xml version="1.0" encoding="UTF-8"?>
<!-- Generated by org.testng.reporters.JUnitReportReporter -->
<testsuite hostname="DESKTOP-10E3PP0" failures="0" tests="2" name="WebTechAssignment.tests.TestLogInFunctionality" time="33.893" errors="0" timestamp="2024-05-03T07:07:54 EDT" skipped="0">
  <testcase classname="WebTechAssignment.tests.TestLogInFunctionality" name="loginPageInvalidCredentials" time="14.303"/>
  <system-out/>
  <testcase classname="WebTechAssignment.tests.TestLogInFunctionality" name="loginPageValidCredentials" time="19.590"/>
  <system-out/>
</testsuite> <!-- WebTechAssignment.tests.TestLogInFunctionality -->
