<?xml version="1.0" encoding="UTF-8"?>
<!-- Generated by org.testng.reporters.JUnitReportReporter -->
<testsuite hostname="DESKTOP-10E3PP0" failures="0" tests="1" name="DerivWebAutomationProject.tests.TestLogInFunctionality" time="9.466" errors="0" timestamp="2024-02-21T03:55:50 EST" skipped="0">
  <testcase classname="DerivWebAutomationProject.tests.TestLogInFunctionality" name="loginPageAuthenticateSuccessfully" time="9.466"/>
  <system-out/>
</testsuite> <!-- DerivWebAutomationProject.tests.TestLogInFunctionality -->
