<?xml version="1.0" encoding="UTF-8"?>
<!-- Generated by org.testng.reporters.JUnitReportReporter -->
<testsuite hostname="DESKTOP-10E3PP0" failures="0" tests="1" name="WebTechAssignment.tests.TestLogOutFunctionality" time="22.806" errors="0" timestamp="2024-05-03T07:07:54 EDT" skipped="0">
  <testcase classname="WebTechAssignment.tests.TestLogOutFunctionality" name="validateLogOut" time="22.806"/>
  <system-out/>
</testsuite> <!-- WebTechAssignment.tests.TestLogOutFunctionality -->
